[0.330s] DEBUG:colcon:Command line arguments: ['/usr/bin/colcon', 'list', '-p', '--base-paths', '/home/nadimdib/holo_sim_gazebo']
[0.330s] DEBUG:colcon:Parsed command line arguments: Namespace(allow_overriding=[], base_paths=['/home/nadimdib/holo_sim_gazebo'], build_base='build', ignore_user_meta=False, log_base=None, log_level=None, main=<bound method ListVerb.main of <colcon_package_information.verb.list.ListVerb object at 0x7fdc798ea670>>, metas=['./colcon.meta'], names_only=False, packages_above=None, packages_above_and_dependencies=None, packages_above_depth=None, packages_end=None, packages_ignore=None, packages_ignore_regex=None, packages_select=None, packages_select_build_failed=False, packages_select_by_dep=None, packages_select_regex=None, packages_select_test_failures=False, packages_skip=None, packages_skip_build_finished=False, packages_skip_by_dep=None, packages_skip_regex=None, packages_skip_test_passed=False, packages_skip_up_to=None, packages_start=None, packages_up_to=None, packages_up_to_regex=None, paths=None, paths_only=True, topological_graph=False, topological_graph_density=False, topological_graph_dot=False, topological_graph_dot_cluster=False, topological_graph_dot_include_skipped=False, topological_graph_legend=False, topological_order=False, verb_extension=<colcon_package_information.verb.list.ListVerb object at 0x7fdc798ea670>, verb_name='list', verb_parser=<colcon_defaults.argument_parser.defaults.DefaultArgumentsDecorator object at 0x7fdc7986aa60>)
[0.361s] Level 1:colcon.colcon_core.package_discovery:discover_packages(colcon_meta) check parameters
[0.361s] Level 1:colcon.colcon_core.package_discovery:discover_packages(recursive) check parameters
[0.361s] Level 1:colcon.colcon_core.package_discovery:discover_packages(ignore) check parameters
[0.361s] Level 1:colcon.colcon_core.package_discovery:discover_packages(path) check parameters
[0.361s] Level 1:colcon.colcon_core.package_discovery:discover_packages(recursive) discover
[0.361s] INFO:colcon.colcon_core.package_discovery:Crawling recursively for packages in '/home/nadimdib/holo_sim_gazebo'
[0.361s] Level 1:colcon.colcon_core.package_identification:_identify(/home/nadimdib/holo_sim_gazebo) by extensions ['ignore', 'ignore_ament_install']
[0.361s] Level 1:colcon.colcon_core.package_identification:_identify(/home/nadimdib/holo_sim_gazebo) by extension 'ignore'
[0.361s] Level 1:colcon.colcon_core.package_identification:_identify(/home/nadimdib/holo_sim_gazebo) by extension 'ignore_ament_install'
[0.361s] Level 1:colcon.colcon_core.package_identification:_identify(/home/nadimdib/holo_sim_gazebo) by extensions ['colcon_pkg']
[0.361s] Level 1:colcon.colcon_core.package_identification:_identify(/home/nadimdib/holo_sim_gazebo) by extension 'colcon_pkg'
[0.361s] Level 1:colcon.colcon_core.package_identification:_identify(/home/nadimdib/holo_sim_gazebo) by extensions ['colcon_meta']
[0.362s] Level 1:colcon.colcon_core.package_identification:_identify(/home/nadimdib/holo_sim_gazebo) by extension 'colcon_meta'
[0.362s] Level 1:colcon.colcon_core.package_identification:_identify(/home/nadimdib/holo_sim_gazebo) by extensions ['ros']
[0.362s] Level 1:colcon.colcon_core.package_identification:_identify(/home/nadimdib/holo_sim_gazebo) by extension 'ros'
[0.378s] Level 1:colcon.colcon_core.package_identification:_identify(/home/nadimdib/holo_sim_gazebo) by extensions ['cmake', 'python']
[0.378s] Level 1:colcon.colcon_core.package_identification:_identify(/home/nadimdib/holo_sim_gazebo) by extension 'cmake'
[0.378s] Level 1:colcon.colcon_core.package_identification:_identify(/home/nadimdib/holo_sim_gazebo) by extension 'python'
[0.378s] Level 1:colcon.colcon_core.package_identification:_identify(/home/nadimdib/holo_sim_gazebo) by extensions ['python_setup_py']
[0.378s] Level 1:colcon.colcon_core.package_identification:_identify(/home/nadimdib/holo_sim_gazebo) by extension 'python_setup_py'
[0.378s] Level 1:colcon.colcon_core.package_identification:_identify(/home/nadimdib/holo_sim_gazebo/build) by extensions ['ignore', 'ignore_ament_install']
[0.379s] Level 1:colcon.colcon_core.package_identification:_identify(/home/nadimdib/holo_sim_gazebo/build) by extension 'ignore'
[0.379s] Level 1:colcon.colcon_core.package_identification:_identify(/home/nadimdib/holo_sim_gazebo/build) ignored
[0.379s] Level 1:colcon.colcon_core.package_identification:_identify(/home/nadimdib/holo_sim_gazebo/install) by extensions ['ignore', 'ignore_ament_install']
[0.379s] Level 1:colcon.colcon_core.package_identification:_identify(/home/nadimdib/holo_sim_gazebo/install) by extension 'ignore'
[0.379s] Level 1:colcon.colcon_core.package_identification:_identify(/home/nadimdib/holo_sim_gazebo/install) ignored
[0.379s] Level 1:colcon.colcon_core.package_identification:_identify(/home/nadimdib/holo_sim_gazebo/log) by extensions ['ignore', 'ignore_ament_install']
[0.379s] Level 1:colcon.colcon_core.package_identification:_identify(/home/nadimdib/holo_sim_gazebo/log) by extension 'ignore'
[0.379s] Level 1:colcon.colcon_core.package_identification:_identify(/home/nadimdib/holo_sim_gazebo/log) ignored
[0.379s] Level 1:colcon.colcon_core.package_identification:_identify(/home/nadimdib/holo_sim_gazebo/src) by extensions ['ignore', 'ignore_ament_install']
[0.379s] Level 1:colcon.colcon_core.package_identification:_identify(/home/nadimdib/holo_sim_gazebo/src) by extension 'ignore'
[0.379s] Level 1:colcon.colcon_core.package_identification:_identify(/home/nadimdib/holo_sim_gazebo/src) by extension 'ignore_ament_install'
[0.380s] Level 1:colcon.colcon_core.package_identification:_identify(/home/nadimdib/holo_sim_gazebo/src) by extensions ['colcon_pkg']
[0.380s] Level 1:colcon.colcon_core.package_identification:_identify(/home/nadimdib/holo_sim_gazebo/src) by extension 'colcon_pkg'
[0.380s] Level 1:colcon.colcon_core.package_identification:_identify(/home/nadimdib/holo_sim_gazebo/src) by extensions ['colcon_meta']
[0.380s] Level 1:colcon.colcon_core.package_identification:_identify(/home/nadimdib/holo_sim_gazebo/src) by extension 'colcon_meta'
[0.380s] Level 1:colcon.colcon_core.package_identification:_identify(/home/nadimdib/holo_sim_gazebo/src) by extensions ['ros']
[0.380s] Level 1:colcon.colcon_core.package_identification:_identify(/home/nadimdib/holo_sim_gazebo/src) by extension 'ros'
[0.380s] Level 1:colcon.colcon_core.package_identification:_identify(/home/nadimdib/holo_sim_gazebo/src) by extensions ['cmake', 'python']
[0.380s] Level 1:colcon.colcon_core.package_identification:_identify(/home/nadimdib/holo_sim_gazebo/src) by extension 'cmake'
[0.380s] Level 1:colcon.colcon_core.package_identification:_identify(/home/nadimdib/holo_sim_gazebo/src) by extension 'python'
[0.380s] Level 1:colcon.colcon_core.package_identification:_identify(/home/nadimdib/holo_sim_gazebo/src) by extensions ['python_setup_py']
[0.380s] Level 1:colcon.colcon_core.package_identification:_identify(/home/nadimdib/holo_sim_gazebo/src) by extension 'python_setup_py'
[0.380s] Level 1:colcon.colcon_core.package_identification:_identify(/home/nadimdib/holo_sim_gazebo/src/holo_spawn) by extensions ['ignore', 'ignore_ament_install']
[0.381s] Level 1:colcon.colcon_core.package_identification:_identify(/home/nadimdib/holo_sim_gazebo/src/holo_spawn) by extension 'ignore'
[0.381s] Level 1:colcon.colcon_core.package_identification:_identify(/home/nadimdib/holo_sim_gazebo/src/holo_spawn) by extension 'ignore_ament_install'
[0.381s] Level 1:colcon.colcon_core.package_identification:_identify(/home/nadimdib/holo_sim_gazebo/src/holo_spawn) by extensions ['colcon_pkg']
[0.381s] Level 1:colcon.colcon_core.package_identification:_identify(/home/nadimdib/holo_sim_gazebo/src/holo_spawn) by extension 'colcon_pkg'
[0.381s] Level 1:colcon.colcon_core.package_identification:_identify(/home/nadimdib/holo_sim_gazebo/src/holo_spawn) by extensions ['colcon_meta']
[0.381s] Level 1:colcon.colcon_core.package_identification:_identify(/home/nadimdib/holo_sim_gazebo/src/holo_spawn) by extension 'colcon_meta'
[0.381s] Level 1:colcon.colcon_core.package_identification:_identify(/home/nadimdib/holo_sim_gazebo/src/holo_spawn) by extensions ['ros']
[0.381s] Level 1:colcon.colcon_core.package_identification:_identify(/home/nadimdib/holo_sim_gazebo/src/holo_spawn) by extension 'ros'
[0.384s] DEBUG:colcon.colcon_core.package_identification:Package '/home/nadimdib/holo_sim_gazebo/src/holo_spawn' with type 'ros.ament_python' and name 'holo_spawn'
[0.384s] Level 1:colcon.colcon_core.package_discovery:discover_packages(recursive) using defaults
