[0.504s] Invoking command in '/home/nadimdib/holo_sim_gazebo/src/holo_spawn': PYTHONPATH=/home/nadimdib/holo_sim_gazebo/build/holo_spawn/prefix_override:/home/nadimdib/holo_sim_gazebo/install/holo_spawn/lib/python3.8/site-packages:${PYTHONPATH} /usr/bin/python3 setup.py egg_info --egg-base ../../build/holo_spawn build --build-base /home/nadimdib/holo_sim_gazebo/build/holo_spawn/build install --record /home/nadimdib/holo_sim_gazebo/build/holo_spawn/install.log --install-scripts $base/lib/holo_spawn --single-version-externally-managed
[0.668s] running egg_info
[0.668s] writing ../../build/holo_spawn/holo_spawn.egg-info/PKG-INFO
[0.668s] writing dependency_links to ../../build/holo_spawn/holo_spawn.egg-info/dependency_links.txt
[0.668s] writing entry points to ../../build/holo_spawn/holo_spawn.egg-info/entry_points.txt
[0.668s] writing requirements to ../../build/holo_spawn/holo_spawn.egg-info/requires.txt
[0.669s] writing top-level names to ../../build/holo_spawn/holo_spawn.egg-info/top_level.txt
[0.694s] reading manifest file '../../build/holo_spawn/holo_spawn.egg-info/SOURCES.txt'
[0.695s] writing manifest file '../../build/holo_spawn/holo_spawn.egg-info/SOURCES.txt'
[0.695s] running build
[0.695s] running build_py
[0.695s] running install
[0.696s] running install_lib
[0.697s] running install_data
[0.697s] running install_egg_info
[0.698s] removing '/home/nadimdib/holo_sim_gazebo/install/holo_spawn/lib/python3.8/site-packages/holo_spawn-0.0.0-py3.8.egg-info' (and everything under it)
[0.698s] Copying ../../build/holo_spawn/holo_spawn.egg-info to /home/nadimdib/holo_sim_gazebo/install/holo_spawn/lib/python3.8/site-packages/holo_spawn-0.0.0-py3.8.egg-info
[0.699s] running install_scripts
[0.711s] Installing hololens_spawner script to /home/nadimdib/holo_sim_gazebo/install/holo_spawn/lib/holo_spawn
[0.711s] Installing teleop_node script to /home/nadimdib/holo_sim_gazebo/install/holo_spawn/lib/holo_spawn
[0.711s] writing list of installed files to '/home/nadimdib/holo_sim_gazebo/build/holo_spawn/install.log'
[0.724s] Invoked command in '/home/nadimdib/holo_sim_gazebo/src/holo_spawn' returned '0': PYTHONPATH=/home/nadimdib/holo_sim_gazebo/build/holo_spawn/prefix_override:/home/nadimdib/holo_sim_gazebo/install/holo_spawn/lib/python3.8/site-packages:${PYTHONPATH} /usr/bin/python3 setup.py egg_info --egg-base ../../build/holo_spawn build --build-base /home/nadimdib/holo_sim_gazebo/build/holo_spawn/build install --record /home/nadimdib/holo_sim_gazebo/build/holo_spawn/install.log --install-scripts $base/lib/holo_spawn --single-version-externally-managed
