/home/nadimdib/holo_sim_gazebo/install/holo_spawn/lib/python3.8/site-packages/holo_spawn/teleop_node.py
/home/nadimdib/holo_sim_gazebo/install/holo_spawn/lib/python3.8/site-packages/holo_spawn/hololens_spawner.py
/home/nadimdib/holo_sim_gazebo/install/holo_spawn/lib/python3.8/site-packages/holo_spawn/__init__.py
/home/nadimdib/holo_sim_gazebo/install/holo_spawn/lib/python3.8/site-packages/holo_spawn/__pycache__/teleop_node.cpython-38.pyc
/home/nadimdib/holo_sim_gazebo/install/holo_spawn/lib/python3.8/site-packages/holo_spawn/__pycache__/hololens_spawner.cpython-38.pyc
/home/nadimdib/holo_sim_gazebo/install/holo_spawn/lib/python3.8/site-packages/holo_spawn/__pycache__/__init__.cpython-38.pyc
/home/nadimdib/holo_sim_gazebo/install/holo_spawn/share/ament_index/resource_index/packages/holo_spawn
/home/nadimdib/holo_sim_gazebo/install/holo_spawn/share/holo_spawn/package.xml
/home/nadimdib/holo_sim_gazebo/install/holo_spawn/share/holo_spawn/launch/gazebo_world.launch.py
/home/nadimdib/holo_sim_gazebo/install/holo_spawn/share/holo_spawn/worlds/warehouse.world
/home/nadimdib/holo_sim_gazebo/install/holo_spawn/share/holo_spawn/models/small_warehouse/model.sdf
/home/nadimdib/holo_sim_gazebo/install/holo_spawn/share/holo_spawn/models/small_warehouse/model.config
/home/nadimdib/holo_sim_gazebo/install/holo_spawn/share/holo_spawn/models/hololens/model.sdf
/home/nadimdib/holo_sim_gazebo/install/holo_spawn/share/holo_spawn/models/hololens/model.config
/home/nadimdib/holo_sim_gazebo/install/holo_spawn/share/holo_spawn/models/warehouse.world
/home/nadimdib/holo_sim_gazebo/install/holo_spawn/lib/python3.8/site-packages/holo_spawn-0.0.0-py3.8.egg-info/requires.txt
/home/nadimdib/holo_sim_gazebo/install/holo_spawn/lib/python3.8/site-packages/holo_spawn-0.0.0-py3.8.egg-info/PKG-INFO
/home/nadimdib/holo_sim_gazebo/install/holo_spawn/lib/python3.8/site-packages/holo_spawn-0.0.0-py3.8.egg-info/top_level.txt
/home/nadimdib/holo_sim_gazebo/install/holo_spawn/lib/python3.8/site-packages/holo_spawn-0.0.0-py3.8.egg-info/dependency_links.txt
/home/nadimdib/holo_sim_gazebo/install/holo_spawn/lib/python3.8/site-packages/holo_spawn-0.0.0-py3.8.egg-info/zip-safe
/home/nadimdib/holo_sim_gazebo/install/holo_spawn/lib/python3.8/site-packages/holo_spawn-0.0.0-py3.8.egg-info/SOURCES.txt
/home/nadimdib/holo_sim_gazebo/install/holo_spawn/lib/python3.8/site-packages/holo_spawn-0.0.0-py3.8.egg-info/entry_points.txt
/home/nadimdib/holo_sim_gazebo/install/holo_spawn/lib/holo_spawn/hololens_spawner
/home/nadimdib/holo_sim_gazebo/install/holo_spawn/lib/holo_spawn/teleop_node
