[0.469s] Invoking command in '/home/nadimdib/holo_sim_gazebo/src/holo_spawn': PYTHONPATH=/home/nadimdib/holo_sim_gazebo/build/holo_spawn/prefix_override:/home/nadimdib/holo_sim_gazebo/install/holo_spawn/lib/python3.8/site-packages:${PYTHONPATH} /usr/bin/python3 setup.py egg_info --egg-base ../../build/holo_spawn build --build-base /home/nadimdib/holo_sim_gazebo/build/holo_spawn/build install --record /home/nadimdib/holo_sim_gazebo/build/holo_spawn/install.log --install-scripts $base/lib/holo_spawn --single-version-externally-managed
[0.624s] running egg_info
[0.624s] writing ../../build/holo_spawn/holo_spawn.egg-info/PKG-INFO
[0.624s] writing dependency_links to ../../build/holo_spawn/holo_spawn.egg-info/dependency_links.txt
[0.625s] writing entry points to ../../build/holo_spawn/holo_spawn.egg-info/entry_points.txt
[0.625s] writing requirements to ../../build/holo_spawn/holo_spawn.egg-info/requires.txt
[0.625s] writing top-level names to ../../build/holo_spawn/holo_spawn.egg-info/top_level.txt
[0.650s] reading manifest file '../../build/holo_spawn/holo_spawn.egg-info/SOURCES.txt'
[0.650s] writing manifest file '../../build/holo_spawn/holo_spawn.egg-info/SOURCES.txt'
[0.650s] running build
[0.650s] running build_py
[0.651s] running install
[0.651s] running install_lib
[0.652s] running install_data
[0.652s] copying ./models/hololens/model.sdf -> /home/nadimdib/holo_sim_gazebo/install/holo_spawn/share/holo_spawn/models/hololens/
[0.653s] running install_egg_info
[0.654s] removing '/home/nadimdib/holo_sim_gazebo/install/holo_spawn/lib/python3.8/site-packages/holo_spawn-0.0.0-py3.8.egg-info' (and everything under it)
[0.654s] Copying ../../build/holo_spawn/holo_spawn.egg-info to /home/nadimdib/holo_sim_gazebo/install/holo_spawn/lib/python3.8/site-packages/holo_spawn-0.0.0-py3.8.egg-info
[0.655s] running install_scripts
[0.666s] Installing hololens_spawner script to /home/nadimdib/holo_sim_gazebo/install/holo_spawn/lib/holo_spawn
[0.666s] Installing teleop_node script to /home/nadimdib/holo_sim_gazebo/install/holo_spawn/lib/holo_spawn
[0.667s] writing list of installed files to '/home/nadimdib/holo_sim_gazebo/build/holo_spawn/install.log'
[0.678s] Invoked command in '/home/nadimdib/holo_sim_gazebo/src/holo_spawn' returned '0': PYTHONPATH=/home/nadimdib/holo_sim_gazebo/build/holo_spawn/prefix_override:/home/nadimdib/holo_sim_gazebo/install/holo_spawn/lib/python3.8/site-packages:${PYTHONPATH} /usr/bin/python3 setup.py egg_info --egg-base ../../build/holo_spawn build --build-base /home/nadimdib/holo_sim_gazebo/build/holo_spawn/build install --record /home/nadimdib/holo_sim_gazebo/build/holo_spawn/install.log --install-scripts $base/lib/holo_spawn --single-version-externally-managed
